<?xml version="1.0" encoding="UTF-8"?>
<!-- Generated by org.testng.reporters.JUnitReportReporter -->
<testsuite hostname="DESKTOP-RQI7PRF" failures="0" tests="3" name="com.qa.opencart.tests.AccountsPageTest" time="7.263" errors="0" timestamp="2025-03-18T14:56:29 IST" skipped="0">
  <testcase classname="com.qa.opencart.tests.AccountsPageTest" name="searchProductTest" time="3.157"/>
  <system-out/>
  <testcase classname="com.qa.opencart.tests.AccountsPageTest" name="searchProductTest" time="2.161"/>
  <system-out/>
  <testcase classname="com.qa.opencart.tests.AccountsPageTest" name="searchProductTest" time="1.945"/>
  <system-out/>
</testsuite> <!-- com.qa.opencart.tests.AccountsPageTest -->
