<?xml version="1.0" encoding="UTF-8"?>
<!-- Generated by org.testng.reporters.JUnitReportReporter -->
<testsuite hostname="DESKTOP-RQI7PRF" failures="0" tests="1" name="com.qa.opencart.tests.LoginPageTest" time="0.114" errors="0" timestamp="2025-04-24T13:00:30 IST" skipped="0">
  <testcase classname="com.qa.opencart.tests.LoginPageTest" name="loginPageTitleTest" time="0.114"/>
  <system-out/>
</testsuite> <!-- com.qa.opencart.tests.LoginPageTest -->
