<?xml version="1.0" encoding="UTF-8"?>
<!-- Generated by org.testng.reporters.JUnitReportReporter -->
<testsuite hostname="DESKTOP-RQI7PRF" failures="0" tests="1" name="com.qa.opencart.tests.LoginPageTest" time="4.977" errors="0" timestamp="2025-03-19T13:22:01 IST" skipped="0">
  <testcase classname="com.qa.opencart.tests.LoginPageTest" name="loginTest" time="4.977"/>
  <system-out/>
</testsuite> <!-- com.qa.opencart.tests.LoginPageTest -->
