<?xml version="1.0" encoding="UTF-8"?>
<!-- Generated by org.testng.reporters.JUnitReportReporter -->
<testsuite hostname="DESKTOP-RQI7PRF" failures="0" tests="13" name="com.qa.opencart.tests.AccountsPageTest" time="11.927" errors="0" timestamp="2025-03-12T14:27:04 IST" skipped="0">
  <testcase classname="com.qa.opencart.tests.AccountsPageTest" name="isLogoutLinkExistTest" time="0.095"/>
  <system-out/>
  <testcase classname="com.qa.opencart.tests.AccountsPageTest" name="searchProductCountTest" time="1.001"/>
  <system-out/>
  <testcase classname="com.qa.opencart.tests.AccountsPageTest" name="searchProductTest" time="1.683"/>
  <system-out/>
  <testcase classname="com.qa.opencart.tests.AccountsPageTest" name="accountsPageUrlTest" time="0.049"/>
  <system-out/>
  <testcase classname="com.qa.opencart.tests.AccountsPageTest" name="searchProductCountTest" time="0.990"/>
  <system-out/>
  <testcase classname="com.qa.opencart.tests.AccountsPageTest" name="searchProductTest" time="2.080"/>
  <system-out/>
  <testcase classname="com.qa.opencart.tests.AccountsPageTest" name="searchProductTest" time="1.724"/>
  <system-out/>
  <testcase classname="com.qa.opencart.tests.AccountsPageTest" name="accountHeaderCountTest" time="0.301"/>
  <system-out/>
  <testcase classname="com.qa.opencart.tests.AccountsPageTest" name="accountHeaderValueTest" time="0.171"/>
  <system-out/>
  <testcase classname="com.qa.opencart.tests.AccountsPageTest" name="searchProductCountTest" time="0.999"/>
  <system-out/>
  <testcase classname="com.qa.opencart.tests.AccountsPageTest" name="searchProductCountTest" time="1.022"/>
  <system-out/>
  <testcase classname="com.qa.opencart.tests.AccountsPageTest" name="accountsPageTitleTest" time="0.048"/>
  <system-out/>
  <testcase classname="com.qa.opencart.tests.AccountsPageTest" name="searchProductTest" time="1.764"/>
  <system-out/>
</testsuite> <!-- com.qa.opencart.tests.AccountsPageTest -->
